<?xml version="1.0" encoding="UTF-8"?>
<!-- Generated by org.testng.reporters.JUnitXMLReporter -->
<testsuite hostname="DESKTOP-H9K8AEB" ignored="0" name="Default test" tests="10" failures="0" timestamp="19 三月 2021 06:34:19 GMT" time="2.686" errors="0">
  <testcase name="testlogin" time="0.632" classname="runapi.Run"/>
  <testcase name="testlogin" time="0.119" classname="runapi.Run"/>
  <testcase name="testlogin" time="0.129" classname="runapi.Run"/>
  <testcase name="testlogin" time="0.29" classname="runapi.Run"/>
  <testcase name="testlogin" time="0.118" classname="runapi.Run"/>
  <testcase name="testlogin" time="0.134" classname="runapi.Run"/>
  <testcase name="testlogin" time="0.095" classname="runapi.Run"/>
  <testcase name="testlogin" time="0.086" classname="runapi.Run"/>
  <testcase name="testlogin" time="0.105" classname="runapi.Run"/>
  <testcase name="testlogin" time="0.115" classname="runapi.Run"/>
</testsuite> <!-- Default test -->
