<?xml version="1.0" encoding="UTF-8"?>
<!-- Generated by org.testng.reporters.JUnitXMLReporter -->
<testsuite hostname="DESKTOP-H9K8AEB" ignored="0" name="Default test" tests="10" failures="0" timestamp="18 三月 2021 06:09:25 GMT" time="2.643" errors="0">
  <testcase name="testlogin" time="0.632" classname="runapi.Run"/>
  <testcase name="testlogin" time="0.253" classname="runapi.Run"/>
  <testcase name="testlogin" time="0.203" classname="runapi.Run"/>
  <testcase name="testlogin" time="0.117" classname="runapi.Run"/>
  <testcase name="testlogin" time="0.097" classname="runapi.Run"/>
  <testcase name="testlogin" time="0.114" classname="runapi.Run"/>
  <testcase name="testlogin" time="0.094" classname="runapi.Run"/>
  <testcase name="testlogin" time="0.107" classname="runapi.Run"/>
  <testcase name="testlogin" time="0.096" classname="runapi.Run"/>
  <testcase name="testlogin" time="0.103" classname="runapi.Run"/>
</testsuite> <!-- Default test -->
