<?xml version="1.0" encoding="UTF-8"?>
<testng-results skipped="0" failed="0" ignored="0" total="10" passed="10">
  <reporter-output>
  </reporter-output>
  <suite name="Default suite" duration-ms="2686" started-at="2021-03-19T06:34:16Z" finished-at="2021-03-19T06:34:19Z">
    <groups>
    </groups>
    <test name="Default test" duration-ms="2686" started-at="2021-03-19T06:34:16Z" finished-at="2021-03-19T06:34:19Z">
      <class name="runapi.Run">
        <test-method status="PASS" signature="testlogin(java.lang.String, java.lang.String)[pri:0, instance:runapi.Run@1810399e]" name="testlogin" duration-ms="632" started-at="2021-03-19T14:34:17Z" data-provider="datas" finished-at="2021-03-19T14:34:18Z">
          <params>
            <param index="0">
              <value>
                <![CDATA[http://192.168.50.11:8095/api/app/login]]>
              </value>
            </param>
            <param index="1">
              <value>
                <![CDATA[username=15192860615&password=888888]]>
              </value>
            </param>
          </params>
          <reporter-output>
          </reporter-output>
        </test-method> <!-- testlogin -->
        <test-method status="PASS" signature="testlogin(java.lang.String, java.lang.String)[pri:0, instance:runapi.Run@1810399e]" name="testlogin" duration-ms="119" started-at="2021-03-19T14:34:18Z" data-provider="datas" finished-at="2021-03-19T14:34:18Z">
          <params>
            <param index="0">
              <value>
                <![CDATA[http://192.168.50.11:8095/api/app/login]]>
              </value>
            </param>
            <param index="1">
              <value>
                <![CDATA[username=18660953805&password=888888]]>
              </value>
            </param>
          </params>
          <reporter-output>
          </reporter-output>
        </test-method> <!-- testlogin -->
        <test-method status="PASS" signature="testlogin(java.lang.String, java.lang.String)[pri:0, instance:runapi.Run@1810399e]" name="testlogin" duration-ms="129" started-at="2021-03-19T14:34:18Z" data-provider="datas" finished-at="2021-03-19T14:34:18Z">
          <params>
            <param index="0">
              <value>
                <![CDATA[http://192.168.50.11:8095/api/app/login]]>
              </value>
            </param>
            <param index="1">
              <value>
                <![CDATA[username=18660953805&password=888888]]>
              </value>
            </param>
          </params>
          <reporter-output>
          </reporter-output>
        </test-method> <!-- testlogin -->
        <test-method status="PASS" signature="testlogin(java.lang.String, java.lang.String)[pri:0, instance:runapi.Run@1810399e]" name="testlogin" duration-ms="290" started-at="2021-03-19T14:34:18Z" data-provider="datas" finished-at="2021-03-19T14:34:18Z">
          <params>
            <param index="0">
              <value>
                <![CDATA[http://192.168.50.11:8095/api/app/login]]>
              </value>
            </param>
            <param index="1">
              <value>
                <![CDATA[username=15192860615&password=888888]]>
              </value>
            </param>
          </params>
          <reporter-output>
          </reporter-output>
        </test-method> <!-- testlogin -->
        <test-method status="PASS" signature="testlogin(java.lang.String, java.lang.String)[pri:0, instance:runapi.Run@1810399e]" name="testlogin" duration-ms="118" started-at="2021-03-19T14:34:18Z" data-provider="datas" finished-at="2021-03-19T14:34:18Z">
          <params>
            <param index="0">
              <value>
                <![CDATA[http://192.168.50.11:8095/api/app/login]]>
              </value>
            </param>
            <param index="1">
              <value>
                <![CDATA[username=18660953805&password=888888]]>
              </value>
            </param>
          </params>
          <reporter-output>
          </reporter-output>
        </test-method> <!-- testlogin -->
        <test-method status="PASS" signature="testlogin(java.lang.String, java.lang.String)[pri:0, instance:runapi.Run@1810399e]" name="testlogin" duration-ms="134" started-at="2021-03-19T14:34:18Z" data-provider="datas" finished-at="2021-03-19T14:34:18Z">
          <params>
            <param index="0">
              <value>
                <![CDATA[http://192.168.50.11:8095/api/app/login]]>
              </value>
            </param>
            <param index="1">
              <value>
                <![CDATA[username=18660953805&password=888888]]>
              </value>
            </param>
          </params>
          <reporter-output>
          </reporter-output>
        </test-method> <!-- testlogin -->
        <test-method status="PASS" signature="testlogin(java.lang.String, java.lang.String)[pri:0, instance:runapi.Run@1810399e]" name="testlogin" duration-ms="95" started-at="2021-03-19T14:34:18Z" data-provider="datas" finished-at="2021-03-19T14:34:19Z">
          <params>
            <param index="0">
              <value>
                <![CDATA[http://192.168.50.11:8095/api/app/login]]>
              </value>
            </param>
            <param index="1">
              <value>
                <![CDATA[username=15192860615&password=888888]]>
              </value>
            </param>
          </params>
          <reporter-output>
          </reporter-output>
        </test-method> <!-- testlogin -->
        <test-method status="PASS" signature="testlogin(java.lang.String, java.lang.String)[pri:0, instance:runapi.Run@1810399e]" name="testlogin" duration-ms="86" started-at="2021-03-19T14:34:19Z" data-provider="datas" finished-at="2021-03-19T14:34:19Z">
          <params>
            <param index="0">
              <value>
                <![CDATA[http://192.168.50.11:8095/api/app/login]]>
              </value>
            </param>
            <param index="1">
              <value>
                <![CDATA[username=18660953805&password=888888]]>
              </value>
            </param>
          </params>
          <reporter-output>
          </reporter-output>
        </test-method> <!-- testlogin -->
        <test-method status="PASS" signature="testlogin(java.lang.String, java.lang.String)[pri:0, instance:runapi.Run@1810399e]" name="testlogin" duration-ms="105" started-at="2021-03-19T14:34:19Z" data-provider="datas" finished-at="2021-03-19T14:34:19Z">
          <params>
            <param index="0">
              <value>
                <![CDATA[http://192.168.50.11:8095/api/app/login]]>
              </value>
            </param>
            <param index="1">
              <value>
                <![CDATA[username=18660953805&password=888888]]>
              </value>
            </param>
          </params>
          <reporter-output>
          </reporter-output>
        </test-method> <!-- testlogin -->
        <test-method status="PASS" signature="testlogin(java.lang.String, java.lang.String)[pri:0, instance:runapi.Run@1810399e]" name="testlogin" duration-ms="115" started-at="2021-03-19T14:34:19Z" data-provider="datas" finished-at="2021-03-19T14:34:19Z">
          <params>
            <param index="0">
              <value>
                <![CDATA[http://192.168.50.11:8095/api/app/login]]>
              </value>
            </param>
            <param index="1">
              <value>
                <![CDATA[username=15192860615&password=888888]]>
              </value>
            </param>
          </params>
          <reporter-output>
          </reporter-output>
        </test-method> <!-- testlogin -->
      </class> <!-- runapi.Run -->
    </test> <!-- Default test -->
  </suite> <!-- Default suite -->
</testng-results>
